<?xml version="1.0" encoding="UTF-8" ?>
<testsuite errors="1" failures="0" hostname="SaiSushanth-PC" name="com.sample.tests.ComputationTester" skipped="0" tests="1" time="0.0" timestamp="2018-02-07T20:30:19">
  <properties>
[...]
</properties>
  <error message="com.sample.tests.ComputationTester" type="java.lang.ClassNotFoundException">java.lang.ClassNotFoundException: com.sample.tests.ComputationTester
	at java.lang.ClassLoader.loadClass(ClassLoader.java:357)
	at java.lang.Class.forName0(Native Method)
	at java.lang.Class.forName(Class.java:348)
</error>
  <system-out><![CDATA[]]></system-out>
  <system-err><![CDATA[]]></system-err>
</testsuite>
